INFO:root:configuration: 
 hyperparameters:
  input_channel: 1
  conv_to_linear_dim: 144
  output_dim: 10
  hidden_channel_array:
  - 4
  - 8
  - 16
  hidden_kernel_array:
  - 3
  - 3
  - 3
  hidden_stride_array:
  - 1
  - 1
  - 1
  hidden_padding_array:
  - 1
  - 1
  - 1
  hidden_dim_array:
  - 50
  non_linear_function_array: []
  regularization_array: []

INFO:root:configuration: 
 hyperparameters:
  batch_size: 64
  lr: 0.001
  epochs: 20
  seed: 1234

INFO:root:epoch: 0/20
INFO:root:Training_loss: 0.7656429692149163
INFO:root:
INFO:root:epoch: 1/20
INFO:root:Training_loss: 0.22527798479795455
INFO:root:
INFO:root:epoch: 2/20
INFO:root:Training_loss: 0.17127244777083397
INFO:root:
INFO:root:epoch: 3/20
INFO:root:Training_loss: 0.1416871129244566
INFO:root:
INFO:root:epoch: 4/20
INFO:root:Training_loss: 0.12350169485360384
INFO:root:
INFO:root:epoch: 5/20
INFO:root:Training_loss: 0.11035368460267782
INFO:root:
INFO:root:epoch: 6/20
INFO:root:Training_loss: 0.09977515714839101
INFO:root:
INFO:root:epoch: 7/20
INFO:root:Training_loss: 0.0894392738416791
INFO:root:
INFO:root:epoch: 8/20
INFO:root:Training_loss: 0.08535945188477635
INFO:root:
INFO:root:epoch: 9/20
INFO:root:Training_loss: 0.07894977482259273
INFO:root:
INFO:root:epoch: 10/20
INFO:root:Training_loss: 0.0760598756171763
INFO:root:
INFO:root:epoch: 11/20
INFO:root:Training_loss: 0.07304010008051992
INFO:root:
INFO:root:epoch: 12/20
INFO:root:Training_loss: 0.06674928088188171
INFO:root:
INFO:root:epoch: 13/20
INFO:root:Training_loss: 0.06581154955625534
INFO:root:
INFO:root:epoch: 14/20
INFO:root:Training_loss: 0.06338619037754833
INFO:root:
INFO:root:epoch: 15/20
INFO:root:Training_loss: 0.06103500477597117
INFO:root:
INFO:root:epoch: 16/20
INFO:root:Training_loss: 0.05855803198479116
INFO:root:
INFO:root:epoch: 17/20
INFO:root:Training_loss: 0.05611809735000133
INFO:root:
INFO:root:epoch: 18/20
INFO:root:Training_loss: 0.052604944118484855
INFO:root:
INFO:root:epoch: 19/20
INFO:root:Training_loss: 0.05084292872324586
INFO:root:
