INFO:root:configuration: 
 hyperparameters:
  input_channel: 1
  conv_to_linear_dim: 144
  output_dim: 10
  hidden_channel_array:
  - 4
  - 8
  - 16
  hidden_kernel_array:
  - 3
  - 3
  - 3
  hidden_stride_array:
  - 1
  - 1
  - 1
  hidden_padding_array:
  - 1
  - 1
  - 1
  hidden_dim_array:
  - 50
  non_linear_function_array: []
  regularization_array: []

INFO:root:configuration: 
 hyperparameters:
  batch_size: 64
  batch_ratio_validation: 0.2
  lr: 0.001
  epochs: 20
  seed: 1234
  optimizer: adam
  momentum: 0.9
  weight_decay: 0

INFO:root:epoch: 0/20
INFO:root:Training_loss: 0.848750698119402
INFO:root:
INFO:root:epoch: 1/20
INFO:root:Training_loss: 0.26896167071163657
INFO:root:
INFO:root:epoch: 2/20
INFO:root:Training_loss: 0.20109149917960167
INFO:root:
INFO:root:epoch: 3/20
INFO:root:Training_loss: 0.16915268969535827
INFO:root:
INFO:root:epoch: 4/20
INFO:root:Training_loss: 0.14779759784787894
INFO:root:
INFO:root:epoch: 5/20
INFO:root:Training_loss: 0.13273300765454768
INFO:root:
INFO:root:epoch: 6/20
INFO:root:Training_loss: 0.12169677208736539
INFO:root:
INFO:root:epoch: 7/20
INFO:root:Training_loss: 0.1124597212933004
INFO:root:
INFO:root:epoch: 8/20
INFO:root:Training_loss: 0.10742196681536734
INFO:root:
INFO:root:epoch: 9/20
INFO:root:Training_loss: 0.09811570468358695
INFO:root:
INFO:root:epoch: 10/20
INFO:root:Training_loss: 0.09529171425476671
INFO:root:
INFO:root:epoch: 11/20
INFO:root:Training_loss: 0.08732474896963685
INFO:root:
INFO:root:epoch: 12/20
INFO:root:Training_loss: 0.08232543177250773
INFO:root:
INFO:root:epoch: 13/20
INFO:root:Training_loss: 0.07877118774596602
INFO:root:
INFO:root:epoch: 14/20
INFO:root:Training_loss: 0.07515579624753445
INFO:root:
INFO:root:epoch: 15/20
INFO:root:Training_loss: 0.07429078599065542
INFO:root:
INFO:root:epoch: 16/20
INFO:root:Training_loss: 0.07143930957373232
INFO:root:
INFO:root:epoch: 17/20
INFO:root:Training_loss: 0.06566376471775584
INFO:root:
INFO:root:epoch: 18/20
INFO:root:Training_loss: 0.06153950086887926
INFO:root:
INFO:root:epoch: 19/20
INFO:root:Training_loss: 0.0615136401206255
INFO:root:
