INFO:root:configuration: 
 hyperparameters:
  input_channel: 1
  conv_to_linear_dim: 144
  output_dim: 10
  hidden_channel_array:
  - 4
  - 8
  - 16
  hidden_kernel_array:
  - 3
  - 3
  - 3
  hidden_stride_array:
  - 1
  - 1
  - 1
  hidden_padding_array:
  - 1
  - 1
  - 1
  hidden_dim_array:
  - 50
  non_linear_function_array: []
  regularization_array: []

INFO:root:configuration: 
 hyperparameters:
  batch_size: 64
  lr: 0.001
  epochs: 20
  seed: 1234

INFO:root:epoch: 0/20
INFO:root:Training_loss: 0.8533455080151557
INFO:root:
INFO:root:epoch: 1/20
INFO:root:Training_loss: 0.2638240175127983
INFO:root:
INFO:root:epoch: 2/20
INFO:root:Training_loss: 0.19499651808142662
INFO:root:
INFO:root:epoch: 3/20
INFO:root:Training_loss: 0.1617989977478981
INFO:root:
INFO:root:epoch: 4/20
INFO:root:Training_loss: 0.14025951833426953
INFO:root:
INFO:root:epoch: 5/20
INFO:root:Training_loss: 0.12431938503682613
INFO:root:
INFO:root:epoch: 6/20
INFO:root:Training_loss: 0.11222087237089873
INFO:root:
INFO:root:epoch: 7/20
INFO:root:Training_loss: 0.10351948040425778
INFO:root:
INFO:root:epoch: 8/20
INFO:root:Training_loss: 0.09571651326790452
INFO:root:
INFO:root:epoch: 9/20
INFO:root:Training_loss: 0.0899541812285781
INFO:root:
INFO:root:epoch: 10/20
INFO:root:Training_loss: 0.08372499392479658
INFO:root:
INFO:root:epoch: 11/20
INFO:root:Training_loss: 0.07879846502840519
INFO:root:
INFO:root:epoch: 12/20
INFO:root:Training_loss: 0.07351771239563823
INFO:root:
INFO:root:epoch: 13/20
INFO:root:Training_loss: 0.07207952053397894
INFO:root:
INFO:root:epoch: 14/20
INFO:root:Training_loss: 0.06926308242753149
INFO:root:
INFO:root:epoch: 15/20
INFO:root:Training_loss: 0.06566745531260967
INFO:root:
INFO:root:epoch: 16/20
INFO:root:Training_loss: 0.06394776196815073
INFO:root:
INFO:root:epoch: 17/20
INFO:root:Training_loss: 0.05981041596084833
INFO:root:
INFO:root:epoch: 18/20
INFO:root:Training_loss: 0.05738951796256006
INFO:root:
INFO:root:epoch: 19/20
INFO:root:Training_loss: 0.05442988169398159
INFO:root:
