INFO:root:configuration: 
 hyperparameters:
  input_channel: 1
  conv_to_linear_dim: 144
  output_dim: 10
  hidden_channel_array:
  - 4
  - 8
  - 16
  hidden_kernel_array:
  - 3
  - 3
  - 3
  hidden_stride_array:
  - 1
  - 1
  - 1
  hidden_padding_array:
  - 1
  - 1
  - 1
  hidden_dim_array:
  - 50
  non_linear_function_array: []
  regularization_array: []

INFO:root:configuration: 
 hyperparameters:
  batch_size: 64
  batch_ratio_validation: 0.2
  lr: 0.001
  epochs: 20
  seed: 1234
  optimizer: adam
  momentum: 0.9
  weight_decay: 0.02

INFO:root:epoch: 0/20
INFO:root:Training_loss: 2.301678367614746
INFO:root:
INFO:root:epoch: 1/20
INFO:root:Training_loss: 2.30121227312088
INFO:root:
INFO:root:epoch: 2/20
INFO:root:Training_loss: 2.301191756725311
INFO:root:
INFO:root:epoch: 3/20
INFO:root:Training_loss: 2.301165424346924
INFO:root:
INFO:root:epoch: 4/20
INFO:root:Training_loss: 2.3011669387817384
INFO:root:
INFO:root:epoch: 5/20
INFO:root:Training_loss: 2.3011717610359192
INFO:root:
INFO:root:epoch: 6/20
INFO:root:Training_loss: 2.3011846237182616
INFO:root:
INFO:root:epoch: 7/20
INFO:root:Training_loss: 2.301186695098877
INFO:root:
INFO:root:epoch: 8/20
INFO:root:Training_loss: 2.301198471069336
INFO:root:
INFO:root:epoch: 9/20
INFO:root:Training_loss: 2.3011490025520325
INFO:root:
INFO:root:epoch: 10/20
INFO:root:Training_loss: 2.3012112402915954
INFO:root:
