INFO:root:configuration: 
 hyperparameters:
  input_channel: 1
  conv_to_linear_dim: 144
  output_dim: 10
  hidden_channel_array:
  - 4
  - 8
  - 16
  hidden_kernel_array:
  - 3
  - 3
  - 3
  hidden_stride_array:
  - 1
  - 1
  - 1
  hidden_padding_array:
  - 1
  - 1
  - 1
  hidden_dim_array:
  - 50
  non_linear_function_array: []
  regularization_array: []

INFO:root:configuration: 
 hyperparameters:
  batch_size: 64
  lr: 0.001
  epochs: 20
  seed: 1234

INFO:root:epoch: 0/20
INFO:root:Training_loss: 0.7062636851072311
INFO:root:
INFO:root:epoch: 1/20
INFO:root:Training_loss: 0.23809129407405855
INFO:root:
INFO:root:epoch: 2/20
INFO:root:Training_loss: 0.18204105541110038
INFO:root:
INFO:root:epoch: 3/20
INFO:root:Training_loss: 0.1484872158139944
INFO:root:
INFO:root:epoch: 4/20
INFO:root:Training_loss: 0.1319515247285366
INFO:root:
INFO:root:epoch: 5/20
INFO:root:Training_loss: 0.115852894680202
INFO:root:
INFO:root:epoch: 6/20
INFO:root:Training_loss: 0.10803134401515126
INFO:root:
INFO:root:epoch: 7/20
INFO:root:Training_loss: 0.10185746549218894
INFO:root:
INFO:root:epoch: 8/20
INFO:root:Training_loss: 0.0921852672547102
INFO:root:
INFO:root:epoch: 9/20
INFO:root:Training_loss: 0.08856577477827668
INFO:root:
INFO:root:epoch: 10/20
INFO:root:Training_loss: 0.08448990683481097
INFO:root:
INFO:root:epoch: 11/20
INFO:root:Training_loss: 0.0780343263849616
INFO:root:
INFO:root:epoch: 12/20
INFO:root:Training_loss: 0.07514766032099723
INFO:root:
INFO:root:epoch: 13/20
INFO:root:Training_loss: 0.07245767536461353
INFO:root:
INFO:root:epoch: 14/20
INFO:root:Training_loss: 0.06796796291396022
INFO:root:
INFO:root:epoch: 15/20
INFO:root:Training_loss: 0.06424333785921335
INFO:root:
INFO:root:epoch: 16/20
INFO:root:Training_loss: 0.06283046379163862
INFO:root:
INFO:root:epoch: 17/20
INFO:root:Training_loss: 0.061236022413522
INFO:root:
INFO:root:epoch: 18/20
INFO:root:Training_loss: 0.05799036995619535
INFO:root:
INFO:root:epoch: 19/20
INFO:root:Training_loss: 0.057531350404769185
INFO:root:
