INFO:root:configuration: 
 hyperparameters:
  input_channel: 1
  conv_to_linear_dim: 144
  output_dim: 10
  hidden_channel_array:
  - 4
  - 8
  - 16
  hidden_kernel_array:
  - 3
  - 3
  - 3
  hidden_stride_array:
  - 1
  - 1
  - 1
  hidden_padding_array:
  - 1
  - 1
  - 1
  hidden_dim_array:
  - 50
  non_linear_function_array: []
  regularization_array: []

INFO:root:configuration: 
 hyperparameters:
  batch_size: 64
  lr: 0.001
  epochs: 20
  seed: 1234

INFO:root:epoch: 0/20
INFO:root:Training_loss: 0.7008192749619484
INFO:root:
INFO:root:epoch: 1/20
INFO:root:Training_loss: 0.2460040235877037
INFO:root:
INFO:root:epoch: 2/20
INFO:root:Training_loss: 0.19354560152590275
INFO:root:
INFO:root:epoch: 3/20
INFO:root:Training_loss: 0.16582878374159335
INFO:root:
INFO:root:epoch: 4/20
INFO:root:Training_loss: 0.1464370694667101
INFO:root:
INFO:root:epoch: 5/20
INFO:root:Training_loss: 0.13328266017884016
INFO:root:
INFO:root:epoch: 6/20
INFO:root:Training_loss: 0.12398866065889597
INFO:root:
INFO:root:epoch: 7/20
INFO:root:Training_loss: 0.11210173986703158
INFO:root:
INFO:root:epoch: 8/20
INFO:root:Training_loss: 0.10651117068529128
INFO:root:
INFO:root:epoch: 9/20
INFO:root:Training_loss: 0.10053736553117633
INFO:root:
INFO:root:epoch: 10/20
INFO:root:Training_loss: 0.0968705101147294
INFO:root:
INFO:root:epoch: 11/20
INFO:root:Training_loss: 0.09036514494419098
INFO:root:
INFO:root:epoch: 12/20
INFO:root:Training_loss: 0.0839088433869183
INFO:root:
INFO:root:epoch: 13/20
INFO:root:Training_loss: 0.08146984127834439
INFO:root:
INFO:root:epoch: 14/20
INFO:root:Training_loss: 0.0793204597376287
INFO:root:
INFO:root:epoch: 15/20
INFO:root:Training_loss: 0.07503036207705736
INFO:root:
INFO:root:epoch: 16/20
INFO:root:Training_loss: 0.07329347925297916
INFO:root:
INFO:root:epoch: 17/20
INFO:root:Training_loss: 0.06901962579116225
INFO:root:
INFO:root:epoch: 18/20
INFO:root:Training_loss: 0.06909330692440271
INFO:root:
INFO:root:epoch: 19/20
INFO:root:Training_loss: 0.06587575960494578
INFO:root:
