INFO:root:configuration: 
 hyperparameters:
  input_channel: 1
  conv_to_linear_dim: 144
  output_dim: 10
  hidden_channel_array:
  - 4
  - 8
  - 16
  hidden_kernel_array:
  - 3
  - 3
  - 3
  hidden_stride_array:
  - 1
  - 1
  - 1
  hidden_padding_array:
  - 1
  - 1
  - 1
  hidden_dim_array:
  - 50
  non_linear_function_array: []
  regularization_array: []

INFO:root:configuration: 
 hyperparameters:
  batch_size: 64
  lr: 0.001
  epochs: 20
  seed: 1234

INFO:root:epoch: 0/20
INFO:root:Training_loss: 0.7214541973114014
INFO:root:
INFO:root:epoch: 1/20
INFO:root:Training_loss: 0.21847072438001633
INFO:root:
INFO:root:epoch: 2/20
INFO:root:Training_loss: 0.1716986642420292
INFO:root:
INFO:root:epoch: 3/20
INFO:root:Training_loss: 0.14856072039306165
INFO:root:
INFO:root:epoch: 4/20
INFO:root:Training_loss: 0.13118059278726577
INFO:root:
INFO:root:epoch: 5/20
INFO:root:Training_loss: 0.11623389858156442
INFO:root:
INFO:root:epoch: 6/20
INFO:root:Training_loss: 0.10971863491088152
INFO:root:
INFO:root:epoch: 7/20
INFO:root:Training_loss: 0.098770639385283
INFO:root:
INFO:root:epoch: 8/20
INFO:root:Training_loss: 0.09681698991432786
INFO:root:
INFO:root:epoch: 9/20
INFO:root:Training_loss: 0.08717827569842339
INFO:root:
INFO:root:epoch: 10/20
INFO:root:Training_loss: 0.08437043561041355
INFO:root:
INFO:root:epoch: 11/20
INFO:root:Training_loss: 0.0788347414292395
INFO:root:
INFO:root:epoch: 12/20
INFO:root:Training_loss: 0.07341016249507666
INFO:root:
INFO:root:epoch: 13/20
INFO:root:Training_loss: 0.07040804502777755
INFO:root:
INFO:root:epoch: 14/20
INFO:root:Training_loss: 0.06948942719511687
INFO:root:
INFO:root:epoch: 15/20
INFO:root:Training_loss: 0.06405140750370919
INFO:root:
INFO:root:epoch: 16/20
INFO:root:Training_loss: 0.06290387160480022
INFO:root:
INFO:root:epoch: 17/20
INFO:root:Training_loss: 0.060223184179887174
INFO:root:
INFO:root:epoch: 18/20
INFO:root:Training_loss: 0.05838705031424761
INFO:root:
INFO:root:epoch: 19/20
INFO:root:Training_loss: 0.05594589201081544
INFO:root:
